INFO:src.data.loader:📂 Loading cached data from D:\김선도\Python\only_quant\data\cache\prices_2020-01-01_2026-06-11.parquet
INFO:src.data.preprocessor:✅ Data cleaned: (1675, 18)
INFO:src.data.loader:📂 Loading cached yields from D:\김선도\Python\only_quant\data\cache\yields_2010-01-01_2026-06-11.parquet
INFO:src.portfolio.selector:   🧹 Discovery-scope filter: dropped 6 strategies (categories=['advanced', 'alpha'], excluded_assets=['NQ1 Index'], disabled=['adx_momentum', 'carry_trade', 'rates_carry', 'rates_value'])
INFO:src.data.loader:📂 Loading cached data from D:\김선도\Python\only_quant\data\cache\prices_2010-01-01_2026-06-11.parquet
INFO:src.data.preprocessor:✅ Data cleaned: (3685, 18)
INFO:src.data.loader:📂 Loading cached yields from D:\김선도\Python\only_quant\data\cache\yields_2010-01-01_2026-06-11.parquet
INFO:src.portfolio.selector:   🧹 Discovery-scope filter: dropped 6 strategies (categories=['advanced', 'alpha'], excluded_assets=['NQ1 Index'], disabled=['adx_momentum', 'carry_trade', 'rates_carry', 'rates_value'])
📊 가격 데이터 로딩...

▌ 오늘의 트레이딩 시그널  (기준일 2026-06-11 · 금리=슬리브 엔진 · FX=전략 공장(상관필터 1.0) — main.py --mode signals 동일)
  공장 선택 전략 7개
  자산                                   기초지표        가격 방향          확신도     포지션     Δ전일만원     델타만원    손익Δbp     출처
  ── 금리 ──
  DU1 Comdty (독일 2Y)                 2.679%    105.68 ▲ 롱        0.68   +0.68       +37     +487     +5.4    SLV
  G 1 Comdty (영국 10Y)                4.905%    87.980 ▼ 숏        0.03   -0.03       +26      -19     -1.5    SLV
  IK1 Comdty (이탈리아 10Y)              3.797%    117.48 ▲ 롱        0.13   +0.13        +4      +95     +5.5    SLV
  JB1 Comdty (일본 10Y)                2.690%    128.70 ▼ 숏        0.59   -0.59       +77     -422     -0.5    SLV
  KAA1 Comdty (한국 10Y)               4.315%    105.66 ▲ 롱        0.10   +0.10        +1      +71     -4.1    SLV
  KE1 Comdty (한국 3Y)                 3.906%    103.07 ▼ 숏        0.10   -0.10      -158      -71     -0.7    SLV
  OAT1 Comdty (프랑스 10Y)              3.802%    118.62 ▲ 롱        0.38   +0.38       +25     +269    +12.2    SLV
  RX1 Comdty (독일 10Y)                3.032%    125.63 ▲ 롱        0.08   +0.08        -4      +54     +2.8    SLV
  TU1 Comdty (미국 2Y)                 4.062%    103.24 ▼ 숏        0.27   -0.27       -75     -195     -1.5    SLV
  TY1 Comdty (미국 10Y)                4.461%    109.94 ▼ 숏        0.15   -0.15       -29     -108     -5.3    SLV
  XM1 Comdty (호주 10Y)                4.895%    95.090 ▼ 숏        0.65   -0.65       -63     -460     +0.3    SLV
  YM1 Comdty (호주 3Y)                 4.495%    95.500 ▼ 숏        0.66   -0.66       -57     -467     -0.6    SLV
  ── 통화(FX) ──
  AD1 Curncy (AUD)            AUDUSD 0.7029    70.290 · 중립       0.00   +0.00         -        -     +0.0    전략0
  BP1 Curncy (GBP)            GBPUSD 1.3398    133.98 · 중립       0.00   +0.00         -        -     +0.0    전략0
  EC1 Curncy (EUR)            EURUSD 1.1560    1.1560 · 중립       0.00   +0.00         -        -     +0.0    전략0
  JY1 Curncy (JPY)            USDJPY 160.04    62.485 · 중립       0.00   +0.00         -        -    -30.0    전략4
  KRW Curncy (KRW(원화))       USDKRW 1,531.2   1,531.2 ▲ 롱        0.33   +0.29         -        -    -19.0    전략3

  📈 전일 손익 합계: 금리 +11.9bp · FX -49.0bp  (각 북 배정자본 대비 — 자본 100억 기준 1bp = 100만원)

  💰 금리 북 순델타 -767만원 / 한도 ±5,000만원 (사용률 15%) · 그로스 2,718만원 / 한도 8,000만원 (사용률 34%)
     환산: 포지션 1.0 = 713만원 — 과거 최대 |순포지션| 7.02 / 그로스 8.39 중 순델타 한도가 결정

▌ 슬리브 엔진 — 금리 북  (기준일 2026-06-11 · 연속 시그널 · 볼타게팅 — main.py --mode signals 금리 SLEEVE 행과 동일)
  ── 추세 (TSMOM)     (가중 1.0)  6/12개월 가격 추세 z-score · 레짐게이트로 횡보장 차단 · 방향성
       독일 2Y ▼-1.37    영국 10Y ▼-0.96   이탈리아 10Y ▼-1.31  일본 10Y ▼-0.81   한국 10Y ▼-1.47   한국 3Y ▼-1.21  
       프랑스 10Y ▼-0.26  독일 10Y ▼-0.28   미국 2Y ▼-1.89    미국 10Y ▼-1.40   호주 10Y ▼-0.36   호주 3Y ▼-0.58  
  ── 밸류 (평균회귀)      (가중 1.0)  2년 평균 대비 가격 괴리 — 과열 숏 / 과매도 롱 · 시장중립
       독일 2Y ▲+0.42    영국 10Y ·-0.08   이탈리아 10Y ▼-0.14  일본 10Y ▲+0.32   한국 10Y ▲+0.42   한국 3Y ▲+0.42  
       프랑스 10Y ▲+0.39  독일 10Y ·+0.03   미국 2Y ▼-0.99    미국 10Y ▼-0.59   호주 10Y ▼-0.13   호주 3Y ·-0.07  
  ── 캐리 (일드 레벨)     (가중 1.0)  국가간 장기 일드 레벨 z — 고금리국 롱 / 저금리국 숏 · 시장중립
       독일 2Y ▲+0.22    영국 10Y ▼-0.24   이탈리아 10Y ▼-0.25  일본 10Y ▲+0.19   한국 10Y ▲+0.39   한국 3Y ▲+0.39  
       프랑스 10Y ▲+0.39  독일 10Y ▼-0.16   미국 2Y ▲+0.38    미국 10Y ·-0.05   호주 10Y ▼-0.65   호주 3Y ▼-0.60  
  ── 정책 모멘텀         (가중 1.0)  2Y 금리 6개월 변화 — 인하 사이클 롱 / 인상 사이클 숏 · 방향성
       독일 2Y ▼-1.13    영국 10Y ▼-1.70   이탈리아 10Y ▼-1.13  일본 10Y ▼-0.46   한국 10Y ▼-1.22   한국 3Y ▼-1.22  
       프랑스 10Y ▼-1.13  독일 10Y ▼-1.13   미국 2Y ▼-2.00    미국 10Y ▼-2.00   호주 10Y ▼-0.16   호주 3Y ▼-0.16  
  ── 단기 평균회귀        (가중 0.5)  10일 무브의 글로벌 평균 대비 과열/과매도 페이드 · 시장중립 · 상시가동(스탑 미적용)
       독일 2Y ▲+0.50    영국 10Y ·+0.04   이탈리아 10Y ▲+0.44  일본 10Y ▼-0.72   한국 10Y ▲+0.29   한국 3Y ▼-0.35  
       프랑스 10Y ▲+1.18  독일 10Y ▲+0.16   미국 2Y ▼-0.20    미국 10Y ▼-0.35   호주 10Y ▼-0.34   호주 3Y ▼-0.65  
  ── 최종 목표          (인버스볼 × 포트 볼타게팅 × 스무딩 — 주문 기준)
       독일 2Y ▲+0.68    영국 10Y ▼-0.03   이탈리아 10Y ▲+0.13  일본 10Y ▼-0.59   한국 10Y ▲+0.10   한국 3Y ▼-0.10  
       프랑스 10Y ▲+0.38  독일 10Y ▲+0.08   미국 2Y ▼-0.27    미국 10Y ▼-0.15   호주 10Y ▼-0.65   호주 3Y ▼-0.66  

============================================================================================
  전략 공장 대시보드  |  폴더: strategies_2026-06-09  |  기준일: 2026-06-11
  탐색 공간 125개 조합  |  이번 달 활성 7개  |  오늘 진입 1개
============================================================================================

▒▒▒ ALPHA1 ▒▒▒
  ── xsect_carry              후보  40개 · 활성  4개 · 진입  0개
       [활성✓]     JPY          Sh6m  0.26  | 통화군 금리차 순위 상·하위 1 롱숏 (크로스섹셔널 캐리)
       [활성✓]     JPY          Sh6m  0.26  | 통화군 금리차 순위 상·하위 2 롱숏 (크로스섹셔널 캐리)
       [활성✓]     JPY          Sh6m  0.69  | 통화군 금리차 순위 상·하위 1 롱숏 (크로스섹셔널 캐리)
       [활성✓]     JPY          Sh6m  0.69  | 통화군 금리차 순위 상·하위 2 롱숏 (크로스섹셔널 캐리)
  ── xsect_momentum           후보  75개 · 활성  2개 · 진입  1개
       [진입✓] ▲L  KRW(원화)      Sh6m  0.03  | fx 내 10일 수익률 상·하위 2 롱숏 (크로스섹셔널 모멘텀)
       [활성✓]     KRW(원화)      Sh6m  1.03  | fx 내 3일 수익률 상·하위 1 롱숏 (크로스섹셔널 모멘텀)

▒▒▒ ALPHA4 ▒▒▒
  ── real_rate_fx             후보  10개 · 활성  1개 · 진입  0개
       [활성✓]     KRW(원화)      Sh6m  0.24  | 실제 2Y 금리차의 20일 변화로 환율 방향 예측 (실금리 캐리)

============================================================================================

📊 HTML 대시보드 저장: strategy_dashboard_2026-06-12.html
